0 info it worked if it ends with ok
1 verbose cli [ 'C:\\Program Files\\nodejs\\node.exe',
1 verbose cli   'C:\\Program Files\\nodejs\\node_modules\\npm\\bin\\npm-cli.js',
1 verbose cli   'start' ]
2 info using npm@3.10.10
3 info using node@v6.10.2
4 verbose run-script [ 'prestart', 'start', 'poststart' ]
5 info lifecycle elm-workshop@1.0.0~prestart: elm-workshop@1.0.0
6 silly lifecycle elm-workshop@1.0.0~prestart: no script for prestart, continuing
7 info lifecycle elm-workshop@1.0.0~start: elm-workshop@1.0.0
8 verbose lifecycle elm-workshop@1.0.0~start: unsafe-perm in lifecycle true
9 verbose lifecycle elm-workshop@1.0.0~start: PATH: C:\Program Files\nodejs\node_modules\npm\bin\node-gyp-bin;C:\Users\MortenAske\Documents\Elm\morteako.github.io\node_modules\.bin;C:\WINDOWS;C:\WINDOWS\SYSTEM32\WBEM;C:\WINDOWS\SYSTEM32\WINDOWSPOWERSHELL\V1.0\;C:\WINDOWS\SYSTEM32;C:\PROGRAM FILES\HASKELL\BIN;C:\PROGRAM FILES\HASKELL PLATFORM\8.0.1\LIB\EXTRALIBS\BIN;C:\PROGRAM FILES\HASKELL PLATFORM\8.0.1\BIN;C:\PROGRAMDATA\ORACLE\JAVA\JAVAPATH;C:\PROGRAM FILES\JAVA\JDK1.8.0_60\BIN;C:\PROGRAM FILES (X86)\NOTEPAD++;C:\PROGRAM FILES (X86)\NVIDIA CORPORATION\PHYSX\COMMON;C:\PROGRAM FILES\POSTGRESQL\9.5\BIN\;C:\WINDOWS\SYSTEM32;C:\WINDOWS;C:\WINDOWS\SYSTEM32\WBEM;C:\WINDOWS\SYSTEM32\WINDOWSPOWERSHELL\V1.0\;C:\PYTHON35;C:\PYTHON35\SCRIPTS;C:\PROGRAM FILES (X86)\WINDOWS LIVE\SHARED;C:\PROGRAM FILES\OPENSSH\BIN;C:\PROGRAM FILES\GIT\CMD;C:\PROGRAM FILES (X86)\SMLNJ\BIN\;C:\GNU-PROLOG\BIN;C:\PROGRAM FILES\SWIPL\BIN;C:\Program Files (x86)\Skype\Phone\;C:\Program Files\nodejs\;C:\WINDOWS\system32;C:\WINDOWS;C:\WINDOWS\System32\Wbem;C:\WINDOWS\System32\WindowsPowerShell\v1.0\;C:\Users\MortenAske\Desktop;C:\Program Files (x86)\Steel Bank Common Lisp\1.1.4.0.mswin.1288-90ab477\;C:\Program Files (x86)\Elm Platform\0.18\bin;C:\Users\MortenAske\AppData\Roaming\local\bin;C:\Users\MortenAske\AppData\Roaming\cabal\bin;C:\python35\Scripts\;C:\python35\;C:\Users\MortenAske\AppData\Local\Microsoft\WindowsApps;C:\Program Files (x86)\Microsoft VS Code\bin;C:\Users\MortenAske\AppData\Roaming\npm;C:\Users\MortenAske\Dropbox\atom\bin;C:\Users\MortenAske\AppData\Local\atom\bin;%USERPROFILE%\AppData\Local\Microsoft\WindowsApps;
10 verbose lifecycle elm-workshop@1.0.0~start: CWD: C:\Users\MortenAske\Documents\Elm\morteako.github.io
11 silly lifecycle elm-workshop@1.0.0~start: Args: [ '/d /s /c', 'node scripts/start.js' ]
12 silly lifecycle elm-workshop@1.0.0~start: Returned: code: 1  signal: null
13 info lifecycle elm-workshop@1.0.0~start: Failed to exec start script
14 verbose stack Error: elm-workshop@1.0.0 start: `node scripts/start.js`
14 verbose stack Exit status 1
14 verbose stack     at EventEmitter.<anonymous> (C:\Program Files\nodejs\node_modules\npm\lib\utils\lifecycle.js:255:16)
14 verbose stack     at emitTwo (events.js:106:13)
14 verbose stack     at EventEmitter.emit (events.js:191:7)
14 verbose stack     at ChildProcess.<anonymous> (C:\Program Files\nodejs\node_modules\npm\lib\utils\spawn.js:40:14)
14 verbose stack     at emitTwo (events.js:106:13)
14 verbose stack     at ChildProcess.emit (events.js:191:7)
14 verbose stack     at maybeClose (internal/child_process.js:886:16)
14 verbose stack     at Process.ChildProcess._handle.onexit (internal/child_process.js:226:5)
15 verbose pkgid elm-workshop@1.0.0
16 verbose cwd C:\Users\MortenAske\Documents\Elm\morteako.github.io
17 error Windows_NT 10.0.15063
18 error argv "C:\\Program Files\\nodejs\\node.exe" "C:\\Program Files\\nodejs\\node_modules\\npm\\bin\\npm-cli.js" "start"
19 error node v6.10.2
20 error npm  v3.10.10
21 error code ELIFECYCLE
22 error elm-workshop@1.0.0 start: `node scripts/start.js`
22 error Exit status 1
23 error Failed at the elm-workshop@1.0.0 start script 'node scripts/start.js'.
23 error Make sure you have the latest version of node.js and npm installed.
23 error If you do, this is most likely a problem with the elm-workshop package,
23 error not with npm itself.
23 error Tell the author that this fails on your system:
23 error     node scripts/start.js
23 error You can get information on how to open an issue for this project with:
23 error     npm bugs elm-workshop
23 error Or if that isn't available, you can get their info via:
23 error     npm owner ls elm-workshop
23 error There is likely additional logging output above.
24 verbose exit [ 1, true ]
